<?xml version="1.0" encoding="utf-8" standalone="no"?>
<!--This file represents the results of running a test suite-->
<test-results name="D:\MY PROJECT\BARGE-OPERATION\HHT\HHT.NUnit\bin\Debug\HHT.NUnit.dll" total="1" failures="0" not-run="0" date="2016-05-27" time="17:02:34">
  <environment nunit-version="2.4.7.0" clr-version="2.0.50727.7905" os-version="Microsoft Windows NT 6.2.9200.0" platform="Win32NT" cwd="C:\Program Files (x86)\NUnit 2.4.7\bin" machine-name="WILLIAM" user="Administrator" user-domain="WILLIAM" />
  <culture-info current-culture="en-US" current-uiculture="en-US" />
  <test-suite name="D:\MY PROJECT\BARGE-OPERATION\HHT\HHT.NUnit\bin\Debug\HHT.NUnit.dll" success="True" time="25.755" asserts="0">
    <results>
      <test-suite name="HHT" success="True" time="25.745" asserts="0">
        <results>
          <test-suite name="NUnit" success="True" time="25.738" asserts="0">
            <results>
              <test-suite name="Program" success="True" time="25.701" asserts="0">
                <results>
                  <test-case name="HHT.NUnit.Program.MainMethod" executed="True" success="True" time="25.684" asserts="0" />
                </results>
              </test-suite>
            </results>
          </test-suite>
        </results>
      </test-suite>
    </results>
  </test-suite>
</test-results>